<?xml version="1.0" encoding="utf-8"?><testsuites name="pytest tests"><testsuite name="pytest" errors="0" failures="0" skipped="0" tests="49" time="17.020" timestamp="2026-03-27T12:05:59.763909+00:00" hostname="agent-env-2b95888d-ceea-4f23-aa62-bd25d403dfee"><testcase classname="backend.tests.test_api.TestPropertiesRead" name="test_get_all_properties" time="0.168" /><testcase classname="backend.tests.test_api.TestPropertiesRead" name="test_get_properties_by_type" time="0.096" /><testcase classname="backend.tests.test_api.TestPropertiesRead" name="test_get_featured_properties" time="0.108" /><testcase classname="backend.tests.test_api.TestPropertiesRead" name="test_get_single_property" time="0.160" /><testcase classname="backend.tests.test_api.TestPropertiesRead" name="test_get_nonexistent_property" time="0.113" /><testcase classname="backend.tests.test_api.TestPropertiesCRUD" name="test_create_property_without_auth" time="0.096" /><testcase classname="backend.tests.test_api.TestPropertiesCRUD" name="test_create_and_delete_property" time="0.564" /><testcase classname="backend.tests.test_api.TestInquiries" name="test_create_inquiry" time="0.104" /><testcase classname="backend.tests.test_api.TestInquiries" name="test_create_property_inquiry" time="0.172" /><testcase classname="backend.tests.test_api.TestInquiries" name="test_get_inquiries_requires_auth" time="0.096" /><testcase classname="backend.tests.test_api.TestInquiries" name="test_get_inquiries_with_auth" time="0.358" /><testcase classname="backend.tests.test_auth.TestAdminAuth" name="test_admin_login_success" time="0.330" /><testcase classname="backend.tests.test_auth.TestAdminAuth" name="test_admin_login_invalid_password" time="0.326" /><testcase classname="backend.tests.test_auth.TestAdminAuth" name="test_admin_login_invalid_email" time="0.114" /><testcase classname="backend.tests.test_auth.TestAdminAuth" name="test_admin_me_with_valid_token" time="0.390" /><testcase classname="backend.tests.test_auth.TestAdminAuth" name="test_admin_me_without_token" time="0.098" /><testcase classname="backend.tests.test_auth.TestAdminAnalytics" name="test_get_analytics_with_auth" time="0.377" /><testcase classname="backend.tests.test_auth.TestAdminAnalytics" name="test_get_analytics_without_auth" time="0.098" /><testcase classname="backend.tests.test_image_upload.TestImageUpload" name="test_upload_jpeg_image" time="0.305" /><testcase classname="backend.tests.test_image_upload.TestImageUpload" name="test_upload_png_image" time="0.228" /><testcase classname="backend.tests.test_image_upload.TestImageUpload" name="test_upload_returns_accessible_url" time="0.391" /><testcase classname="backend.tests.test_image_upload.TestImageUpload" name="test_upload_rejects_unsupported_file_type" time="0.092" /><testcase classname="backend.tests.test_image_upload.TestImageUpload" name="test_upload_no_auth_required" time="0.210" /><testcase classname="backend.tests.test_image_upload.TestFileServing" name="test_serve_uploaded_file" time="0.450" /><testcase classname="backend.tests.test_image_upload.TestFileServing" name="test_serve_nonexistent_file_returns_404" time="0.417" /><testcase classname="backend.tests.test_image_upload.TestPropertyWithUploadedImage" name="test_create_property_with_uploaded_image" time="0.966" /><testcase classname="backend.tests.test_property_crud.TestPropertyCRUD" name="test_get_properties" time="0.429" /><testcase classname="backend.tests.test_property_crud.TestPropertyCRUD" name="test_get_single_property" time="0.532" /><testcase classname="backend.tests.test_property_crud.TestPropertyCRUD" name="test_get_nonexistent_property" time="0.424" /><testcase classname="backend.tests.test_property_crud.TestPropertyCRUD" name="test_create_property" time="0.537" /><testcase classname="backend.tests.test_property_crud.TestPropertyCRUD" name="test_update_property" time="0.717" /><testcase classname="backend.tests.test_property_crud.TestPropertyCRUD" name="test_update_nonexistent_property" time="0.436" /><testcase classname="backend.tests.test_property_crud.TestPropertyCRUD" name="test_update_property_without_auth" time="0.544" /><testcase classname="backend.tests.test_property_crud.TestPropertyCRUD" name="test_delete_property" time="0.609" /><testcase classname="backend.tests.test_property_crud.TestPropertyCRUD" name="test_delete_nonexistent_property" time="0.419" /><testcase classname="backend.tests.test_status_dropdown.TestStatusDropdownFeature" name="test_get_inquiries_returns_status_field" time="0.390" /><testcase classname="backend.tests.test_status_dropdown.TestStatusDropdownFeature" name="test_update_status_to_new" time="0.424" /><testcase classname="backend.tests.test_status_dropdown.TestStatusDropdownFeature" name="test_update_status_to_contacted" time="0.441" /><testcase classname="backend.tests.test_status_dropdown.TestStatusDropdownFeature" name="test_update_status_to_qualified" time="0.413" /><testcase classname="backend.tests.test_status_dropdown.TestStatusDropdownFeature" name="test_update_status_to_negotiation" time="0.447" /><testcase classname="backend.tests.test_status_dropdown.TestStatusDropdownFeature" name="test_update_status_to_closed_won" time="0.415" /><testcase classname="backend.tests.test_status_dropdown.TestStatusDropdownFeature" name="test_update_status_to_closed_lost" time="0.411" /><testcase classname="backend.tests.test_status_dropdown.TestStatusDropdownFeature" name="test_update_status_invalid_returns_400" time="0.404" /><testcase classname="backend.tests.test_status_dropdown.TestStatusDropdownFeature" name="test_update_status_empty_returns_400" time="0.418" /><testcase classname="backend.tests.test_status_dropdown.TestStatusDropdownFeature" name="test_update_status_nonexistent_inquiry_returns_404" time="0.389" /><testcase classname="backend.tests.test_status_dropdown.TestStatusDropdownFeature" name="test_update_status_without_auth_returns_401" time="0.357" /><testcase classname="backend.tests.test_status_dropdown.TestStatusDropdownFeature" name="test_status_persists_after_update" time="0.482" /><testcase classname="backend.tests.test_status_dropdown.TestDeleteInquiry" name="test_delete_inquiry_requires_auth" time="0.101" /><testcase classname="backend.tests.test_status_dropdown.TestDeleteInquiry" name="test_delete_nonexistent_inquiry_returns_404" time="0.362" /></testsuite></testsuites>